<?xml version="1.0" encoding="utf-8" standalone="no"?>
<!--This file represents the results of running a test suite-->
<test-results name="C:\Documents and Settings\Administrator\My Documents\Visual Studio 2008\Projects\SearchTokens\SearchTokens.sln" total="3" errors="0" failures="0" not-run="0" inconclusive="0" ignored="0" skipped="0" invalid="0" date="2011-11-06" time="19:26:01">
  <environment nunit-version="2.5.10.11092" clr-version="2.0.50727.4455" os-version="Microsoft Windows NT 5.1.2600 Service Pack 3" platform="Win32NT" cwd="C:\Documents and Settings\Administrator\My Documents\Visual Studio 2008\Projects\SearchTokens" machine-name="RUBYF695" user="Administrator" user-domain="RUBYF695" />
  <culture-info current-culture="pt-PT" current-uiculture="en-US" />
  <test-suite type="Project" name="C:\Documents and Settings\Administrator\My Documents\Visual Studio 2008\Projects\SearchTokens\SearchTokens.sln" executed="True" result="Success" success="True" time="0.063" asserts="0">
    <results>
      <test-suite type="Assembly" name="C:\Documents and Settings\Administrator\My Documents\Visual Studio 2008\Projects\SearchTokens\Tests\bin\Debug\Tests.dll" executed="True" result="Success" success="True" time="0.063" asserts="0">
        <results>
          <test-suite type="Namespace" name="Tests" executed="True" result="Success" success="True" time="0.063" asserts="0">
            <results>
              <test-suite type="TestFixture" name="TestStringTokens" executed="True" result="Success" success="True" time="0.063" asserts="0">
                <results>
                  <test-case name="Tests.TestStringTokens.ThreeWordsButTwoToguetherByQuotes" executed="True" result="Success" success="True" time="0.016" asserts="3" />
                  <test-case name="Tests.TestStringTokens.TwoWords" executed="True" result="Success" success="True" time="0.000" asserts="3" />
                  <test-case name="Tests.TestStringTokens.TwoWordsWithQuotes" executed="True" result="Success" success="True" time="0.000" asserts="2" />
                </results>
              </test-suite>
            </results>
          </test-suite>
        </results>
      </test-suite>
    </results>
  </test-suite>
</test-results>